! PLEASE REFER TO OTHER COMMENTS IN OTHER FILES TO UNDERSTAND SOME OF THE GENERAL CODE

Mplus VERSION 8.4 DEMO (Mac)
MUTHEN & MUTHEN
06/17/2021  12:39 PM

INPUT INSTRUCTIONS

  TITLE:
    Variable List -
    ID_uniq	;
    rcCAT_Anim	;
    rcTRABSCOR	;
    rcQ4SCORE 	;
    rcLMDR	;
    rcMMSE	;

  DATA:
    FILE = ~/Desktop/ADNI_long_recoded_bifactor.dat ;
  VARIABLE:
    NAMES = ID_uniq rcCAT_Anim
    rcTRABSCOR rcQ4SCORE rcLMDR rcMMSE ;
    USEVARIABLES = ID_uniq rcCAT_Anim
    rcTRABSCOR rcQ4SCORE rcLMDR rcMMSE ;
    MISSING ARE ALL (-9999) ;
    CATEGORICAL =
      all
      ;
    IDVARIABLE = ID_uniq ;
  ANALYSIS:
     ESTIMATOR = MLR ;
     !PARAMETERIZATION = theta ;
  OUTPUT:
  stdyx ; !we do not save out the fscores from this yet!


  MODEL:
  lpacc by rcCAT_Anim @ 1.343 ; !The set loadings (in these rows) and thresholds (in the below rows) come from basemodel_lastvisit_bifactor.out
  lpacc by rcTRABSCOR @ 1.391 ;
  lpacc by rcQ4SCORE @ 1.345 ;
  lpacc by rcLMDR @ 1.484 ;
  lpacc by rcMMSE @ 1.224 ;
  lpacc*; !@  ; !do not set the mean and variance for this just yet!
  [lpacc*]; !@ ] ;
  [rcMMSE$1 @ -5.110] ;
  [rcMMSE$2 @ -4.490] ;
  [rcMMSE$3 @ -3.899] ;
  [rcMMSE$4 @ -3.328] ;
  [rcMMSE$5 @ -2.616] ;
  [rcMMSE$6 @ -1.589] ;
  [rcMMSE$7 @ -0.445] ;
  [rcMMSE$8 @ 1.061] ;
  [rcLMDR$1 @ -4.538] ;
  [rcLMDR$2 @ -3.313] ;
  [rcLMDR$3 @ -2.341] ;
  [rcLMDR$4 @ -0.933] ;
  [rcLMDR$5 @ 0.502] ;
  [rcLMDR$6 @ 1.954] ;
  [rcLMDR$7 @ 3.114] ;
  [rcLMDR$8 @ 4.452] ;
  [rcLMDR$9 @ 6.078] ;
  [rcCAT_Anim$1 @ -6.181] ;
  [rcCAT_Anim$2 @ -4.774] ;
  [rcCAT_Anim$3 @ -2.734] ;
  [rcCAT_Anim$4 @ -1.310] ;
  [rcCAT_Anim$5 @ -0.048] ;
  [rcCAT_Anim$6 @ 1.234] ;
  [rcCAT_Anim$7 @ 2.317] ;
  [rcCAT_Anim$8 @ 3.487] ;
  [rcCAT_Anim$9 @ 5.428] ;
  [rcTRABSCOR$1 @ -4.680];
  [rcTRABSCOR$2 @ -3.791];
  [rcTRABSCOR$3 @ -3.343];
  [rcTRABSCOR$4 @ -2.496];
  [rcTRABSCOR$5 @ -1.774];
  [rcTRABSCOR$6 @ -0.678];
  [rcTRABSCOR$7 @ 0.635];
  [rcTRABSCOR$8 @ 1.719];
  [rcTRABSCOR$9 @ 3.275];
  [rcQ4SCORE$1 @ -4.308];
  [rcQ4SCORE$2 @ -2.643];
  [rcQ4SCORE$3 @ -1.544];
  [rcQ4SCORE$4 @ -0.856];
  [rcQ4SCORE$5 @ -0.210];
  [rcQ4SCORE$6 @ 0.660];
  [rcQ4SCORE$7 @ 1.799];
  [rcQ4SCORE$8 @ 3.235];



*** WARNING in VARIABLE command
  Note that only the first 8 characters of variable names are used in the output.
  Shorten variable names to avoid any confusion.
   1 WARNING(S) FOUND IN THE INPUT INSTRUCTIONS




Variable List -
ID_uniq ;
rcCAT_Anim ;
rcTRABSCOR ;
rcQ4SCORE  ;
rcLMDR ;
rcMMSE ;

SUMMARY OF ANALYSIS

Number of groups                                                 1
Number of observations                                        2923

Number of dependent variables                                    5
Number of independent variables                                  0
Number of continuous latent variables                            1

Observed dependent variables

  Binary and ordered categorical (ordinal)
   RCCAT_AN    RCTRABSC    RCQ4SCOR    RCLMDR      RCMMSE

Continuous latent variables
   LPACC

Variables with special functions

  ID variable           ID_UNIQ

Estimator                                                      MLR
Information matrix                                        OBSERVED
Optimization Specifications for the Quasi-Newton Algorithm for
Continuous Outcomes
  Maximum number of iterations                                 100
  Convergence criterion                                  0.100D-05
Optimization Specifications for the EM Algorithm
  Maximum number of iterations                                 500
  Convergence criteria
    Loglikelihood change                                 0.100D-02
    Relative loglikelihood change                        0.100D-05
    Derivative                                           0.100D-02
Optimization Specifications for the M step of the EM Algorithm for
Categorical Latent variables
  Number of M step iterations                                    1
  M step convergence criterion                           0.100D-02
  Basis for M step termination                           ITERATION
Optimization Specifications for the M step of the EM Algorithm for
Censored, Binary or Ordered Categorical (Ordinal), Unordered
Categorical (Nominal) and Count Outcomes
  Number of M step iterations                                    1
  M step convergence criterion                           0.100D-02
  Basis for M step termination                           ITERATION
  Maximum value for logit thresholds                            15
  Minimum value for logit thresholds                           -15
  Minimum expected cell size for chi-square              0.100D-01
Maximum number of iterations for H1                           2000
Convergence criterion for H1                             0.100D-03
Optimization algorithm                                         EMA
Integration Specifications
  Type                                                    STANDARD
  Number of integration points                                  15
  Dimensions of numerical integration                            1
  Adaptive quadrature                                           ON
Link                                                         LOGIT
Cholesky                                                        ON

Input data file(s)
  ~/Desktop/ADNI_long_recoded_bifactor.dat
Input data format  FREE


SUMMARY OF DATA

     Number of missing data patterns             7
     Number of y missing data patterns           0
     Number of u missing data patterns           7


COVARIANCE COVERAGE OF DATA

Minimum covariance coverage value   0.100


     PROPORTION OF DATA PRESENT FOR U


           Covariance Coverage
              RCCAT_AN      RCTRABSC      RCQ4SCOR      RCLMDR        RCMMSE
              ________      ________      ________      ________      ________
 RCCAT_AN       0.998
 RCTRABSC       0.988         0.989
 RCQ4SCOR       0.998         0.989         1.000
 RCLMDR         0.995         0.986         0.995         0.995
 RCMMSE         0.996         0.988         0.998         0.994         0.998


UNIVARIATE PROPORTIONS AND COUNTS FOR CATEGORICAL VARIABLES

    RCCAT_AN
      Category 1    0.002            6.000
      Category 2    0.008           24.000
      Category 3    0.056          163.000
      Category 4    0.124          362.000
      Category 5    0.190          554.000
      Category 6    0.222          647.000
      Category 7    0.185          540.000
      Category 8    0.118          344.000
      Category 9    0.073          213.000
      Category 10    0.022           63.000
    RCTRABSC
      Category 1    0.015           44.000
      Category 2    0.015           44.000
      Category 3    0.009           26.000
      Category 4    0.039          114.000
      Category 5    0.062          178.000
      Category 6    0.159          461.000
      Category 7    0.269          777.000
      Category 8    0.195          565.000
      Category 9    0.170          491.000
      Category 10    0.066          191.000
    RCQ4SCOR
      Category 1    0.038          110.000
      Category 2    0.135          396.000
      Category 3    0.170          497.000
      Category 4    0.087          254.000
      Category 5    0.102          298.000
      Category 6    0.135          395.000
      Category 7    0.147          430.000
      Category 8    0.115          335.000
      Category 9    0.071          208.000
    RCLMDR
      Category 1    0.021           61.000
      Category 2    0.026           77.000
      Category 3    0.047          136.000
      Category 4    0.149          433.000
      Category 5    0.243          708.000
      Category 6    0.273          793.000
      Category 7    0.131          381.000
      Category 8    0.073          211.000
      Category 9    0.028           80.000
      Category 10    0.010           29.000
    RCMMSE
      Category 1    0.010           28.000
      Category 2    0.005           15.000
      Category 3    0.009           27.000
      Category 4    0.018           52.000
      Category 5    0.037          108.000
      Category 6    0.078          227.000
      Category 7    0.130          380.000
      Category 8    0.277          809.000
      Category 9    0.436         1272.000



THE MODEL ESTIMATION TERMINATED NORMALLY



MODEL FIT INFORMATION

Number of Free Parameters                        2

Loglikelihood

          H0 Value                      -27021.969
          H0 Scaling Correction Factor      1.3045
            for MLR

Information Criteria

          Akaike (AIC)                   54047.938
          Bayesian (BIC)                 54059.899
          Sample-Size Adjusted BIC       54053.544
            (n* = (n + 2) / 24)

Chi-Square Test of Model Fit for the Binary and Ordered Categorical
(Ordinal) Outcomes**

          Pearson Chi-Square

          Value                          24115.323
          Degrees of Freedom                 80837
          P-Value                           1.0000

          Likelihood Ratio Chi-Square

          Value                           8282.744
          Degrees of Freedom                 80837
          P-Value                           1.0000

** Of the 114390 cells in the frequency table, 160
   were deleted in the calculation of chi-square due to extreme values.

Chi-Square Test for MCAR under the Unrestricted Latent Class Indicator Model

          Pearson Chi-Square

          Value                            948.184
          Degrees of Freedom                 33384
          P-Value                           1.0000

          Likelihood Ratio Chi-Square

          Value                            196.714
          Degrees of Freedom                 33384
          P-Value                           1.0000



MODEL RESULTS

                                                    Two-Tailed
                    Estimate       S.E.  Est./S.E.    P-Value

 LPACC    BY
    RCCAT_ANIM         1.343      0.000    999.000    999.000
    RCTRABSCOR         1.391      0.000    999.000    999.000
    RCQ4SCORE          1.345      0.000    999.000    999.000
    RCLMDR             1.484      0.000    999.000    999.000
    RCMMSE             1.224      0.000    999.000    999.000

 Means
    LPACC              0.241      0.020     11.982      0.000

 Thresholds
    RCCAT_AN$1        -6.181      0.000    999.000    999.000
    RCCAT_AN$2        -4.774      0.000    999.000    999.000
    RCCAT_AN$3        -2.734      0.000    999.000    999.000
    RCCAT_AN$4        -1.310      0.000    999.000    999.000
    RCCAT_AN$5        -0.048      0.000    999.000    999.000
    RCCAT_AN$6         1.234      0.000    999.000    999.000
    RCCAT_AN$7         2.317      0.000    999.000    999.000
    RCCAT_AN$8         3.487      0.000    999.000    999.000
    RCCAT_AN$9         5.428      0.000    999.000    999.000
    RCTRABSC$1        -4.680      0.000    999.000    999.000
    RCTRABSC$2        -3.791      0.000    999.000    999.000
    RCTRABSC$3        -3.343      0.000    999.000    999.000
    RCTRABSC$4        -2.496      0.000    999.000    999.000
    RCTRABSC$5        -1.774      0.000    999.000    999.000
    RCTRABSC$6        -0.678      0.000    999.000    999.000
    RCTRABSC$7         0.635      0.000    999.000    999.000
    RCTRABSC$8         1.719      0.000    999.000    999.000
    RCTRABSC$9         3.275      0.000    999.000    999.000
    RCQ4SCOR$1        -4.308      0.000    999.000    999.000
    RCQ4SCOR$2        -2.643      0.000    999.000    999.000
    RCQ4SCOR$3        -1.544      0.000    999.000    999.000
    RCQ4SCOR$4        -0.856      0.000    999.000    999.000
    RCQ4SCOR$5        -0.210      0.000    999.000    999.000
    RCQ4SCOR$6         0.660      0.000    999.000    999.000
    RCQ4SCOR$7         1.799      0.000    999.000    999.000
    RCQ4SCOR$8         3.235      0.000    999.000    999.000
    RCLMDR$1          -4.538      0.000    999.000    999.000
    RCLMDR$2          -3.313      0.000    999.000    999.000
    RCLMDR$3          -2.341      0.000    999.000    999.000
    RCLMDR$4          -0.933      0.000    999.000    999.000
    RCLMDR$5           0.502      0.000    999.000    999.000
    RCLMDR$6           1.954      0.000    999.000    999.000
    RCLMDR$7           3.114      0.000    999.000    999.000
    RCLMDR$8           4.452      0.000    999.000    999.000
    RCLMDR$9           6.078      0.000    999.000    999.000
    RCMMSE$1          -5.110      0.000    999.000    999.000
    RCMMSE$2          -4.490      0.000    999.000    999.000
    RCMMSE$3          -3.899      0.000    999.000    999.000
    RCMMSE$4          -3.328      0.000    999.000    999.000
    RCMMSE$5          -2.616      0.000    999.000    999.000
    RCMMSE$6          -1.589      0.000    999.000    999.000
    RCMMSE$7          -0.445      0.000    999.000    999.000
    RCMMSE$8           1.061      0.000    999.000    999.000

 Variances
    LPACC              0.821      0.040     20.402      0.000


RESULTS IN PROBABILITY SCALE

                    Estimate

 RCCAT_AN
    Category 1         0.003
    Category 2         0.009
    Category 3         0.064
    Category 4         0.140
    Category 5         0.212
    Category 6         0.241
    Category 7         0.159
    Category 8         0.101
    Category 9         0.058
    Category 10        0.012
 RCTRABSC
    Category 1         0.014
    Category 2         0.018
    Category 3         0.015
    Category 4         0.047
    Category 5         0.066
    Category 6         0.154
    Category 7         0.242
    Category 8         0.187
    Category 9         0.169
    Category 10        0.087
 RCQ4SCOR
    Category 1         0.019
    Category 2         0.063
    Category 3         0.104
    Category 4         0.099
    Category 5         0.113
    Category 6         0.166
    Category 7         0.196
    Category 8         0.153
    Category 9         0.086
 RCLMDR
    Category 1         0.017
    Category 2         0.034
    Category 3         0.059
    Category 4         0.165
    Category 5         0.252
    Category 6         0.243
    Category 7         0.126
    Category 8         0.070
    Category 9         0.027
    Category 10        0.008
 RCMMSE
    Category 1         0.008
    Category 2         0.007
    Category 3         0.011
    Category 4         0.018
    Category 5         0.037
    Category 6         0.096
    Category 7         0.179
    Category 8         0.293
    Category 9         0.351


STANDARDIZED MODEL RESULTS


STDYX Standardization

                                                    Two-Tailed
                    Estimate       S.E.  Est./S.E.    P-Value

 LPACC    BY
    RCCAT_ANIM         0.557      0.009     59.182      0.000
    RCTRABSCOR         0.571      0.009     60.519      0.000
    RCQ4SCORE          0.558      0.009     59.237      0.000
    RCLMDR             0.596      0.009     63.243      0.000
    RCMMSE             0.522      0.009     56.069      0.000

 Means
    LPACC              0.266      0.025     10.790      0.000

 Thresholds
    RCCAT_AN$1        -2.830      0.022   -131.406      0.000
    RCCAT_AN$2        -2.186      0.017   -131.406      0.000
    RCCAT_AN$3        -1.252      0.010   -131.406      0.000
    RCCAT_AN$4        -0.600      0.005   -131.406      0.000
    RCCAT_AN$5        -0.022      0.000   -131.406      0.000
    RCCAT_AN$6         0.565      0.004    131.406      0.000
    RCCAT_AN$7         1.061      0.008    131.406      0.000
    RCCAT_AN$8         1.596      0.012    131.406      0.000
    RCCAT_AN$9         2.485      0.019    131.406      0.000
    RCTRABSC$1        -2.119      0.017   -125.261      0.000
    RCTRABSC$2        -1.716      0.014   -125.261      0.000
    RCTRABSC$3        -1.513      0.012   -125.261      0.000
    RCTRABSC$4        -1.130      0.009   -125.261      0.000
    RCTRABSC$5        -0.803      0.006   -125.261      0.000
    RCTRABSC$6        -0.307      0.002   -125.261      0.000
    RCTRABSC$7         0.287      0.002    125.261      0.000
    RCTRABSC$8         0.778      0.006    125.261      0.000
    RCTRABSC$9         1.483      0.012    125.261      0.000
    RCQ4SCOR$1        -1.971      0.015   -131.137      0.000
    RCQ4SCOR$2        -1.209      0.009   -131.137      0.000
    RCQ4SCOR$3        -0.707      0.005   -131.137      0.000
    RCQ4SCOR$4        -0.392      0.003   -131.137      0.000
    RCQ4SCOR$5        -0.096      0.001   -131.137      0.000
    RCQ4SCOR$6         0.302      0.002    131.137      0.000
    RCQ4SCOR$7         0.823      0.006    131.137      0.000
    RCQ4SCOR$8         1.480      0.011    131.137      0.000
    RCLMDR$1          -2.010      0.017   -115.007      0.000
    RCLMDR$2          -1.467      0.013   -115.007      0.000
    RCLMDR$3          -1.037      0.009   -115.007      0.000
    RCLMDR$4          -0.413      0.004   -115.007      0.000
    RCLMDR$5           0.222      0.002    115.007      0.000
    RCLMDR$6           0.865      0.008    115.007      0.000
    RCLMDR$7           1.379      0.012    115.007      0.000
    RCLMDR$8           1.972      0.017    115.007      0.000
    RCLMDR$9           2.692      0.023    115.007      0.000
    RCMMSE$1          -2.403      0.016   -149.880      0.000
    RCMMSE$2          -2.112      0.014   -149.880      0.000
    RCMMSE$3          -1.834      0.012   -149.880      0.000
    RCMMSE$4          -1.565      0.010   -149.880      0.000
    RCMMSE$5          -1.230      0.008   -149.880      0.000
    RCMMSE$6          -0.747      0.005   -149.880      0.000
    RCMMSE$7          -0.209      0.001   -149.880      0.000
    RCMMSE$8           0.499      0.003    149.880      0.000

 Variances
    LPACC              1.000      0.000    999.000    999.000


R-SQUARE

    Observed                                        Two-Tailed
    Variable        Estimate       S.E.  Est./S.E.    P-Value

    RCCAT_AN           0.311      0.010     29.591      0.000
    RCTRABSC           0.326      0.011     30.259      0.000
    RCQ4SCOR           0.311      0.011     29.618      0.000
    RCLMDR             0.355      0.011     31.622      0.000
    RCMMSE             0.272      0.010     28.035      0.000


QUALITY OF NUMERICAL RESULTS

     Condition Number for the Information Matrix              0.393E+00
       (ratio of smallest to largest eigenvalue)


     Beginning Time:  12:39:22
        Ending Time:  12:39:23
       Elapsed Time:  00:00:01


Mplus VERSION 8.4 DEMO (Mac) has the following limitations:
  Maximum number of dependent variables: 6
  Maximum number of independent variables: 2
  Maximum number of between variables: 2
  Maximum number of continuous latent variables in time series analysis: 2


MUTHEN & MUTHEN
3463 Stoner Ave.
Los Angeles, CA  90066

Tel: (310) 391-9971
Fax: (310) 391-8971
Web: www.StatModel.com
Support: Support@StatModel.com

Copyright (c) 1998-2019 Muthen & Muthen
