Mplus VERSION 8.3 (Mac)
MUTHEN & MUTHEN
06/20/2021   7:36 PM

INPUT INSTRUCTIONS

  TITLE:
    Variable List -
    ID_uniq	;
    rcCAT_Anim	;
    rcCAT_Fr	;
    rcCAT_Furn 	;
    rcCAT_Names 	;
    rcCVLT_DR	;
    rcDSC_AIBL ;
    rcLMDR	;
    rcMMSE	;

  DATA:
    FILE = ~/Desktop/AIBL_long_recoded_bifactor.dat ;!these are the longitudinal recoded data JUST FOR AIBL (and include the final visit data too!)
  VARIABLE:
    NAMES = ID_uniq rcCAT_Anim
    rcCAT_Fr rcCAT_Furn rcCAT_Names rcCVLT_DR rcDSC_AIBL rcLMDR rcMMSE ; !these are the column headings for the dataset
    USEVARIABLES = ID_uniq rcCAT_Anim
    rcCAT_Fr rcCAT_Furn rcCAT_Names rcCVLT_DR rcDSC_AIBL rcLMDR rcMMSE ; !these are the columns used in the model below
    MISSING ARE ALL (-9999) ;!missing data in the datafile are labeled -9999
    CATEGORICAL =
      all
      ;
    IDVARIABLE = ID_uniq ;!this is a unique ID number for EACH ROW
  ANALYSIS:
     ESTIMATOR = MLR ;
     !PARAMETERIZATION = theta ;
  OUTPUT:
  stdyx ;

  SAVEDATA: FILE IS ~/Desktop/AIBL_long_fscoreoutput_bifactor.txt; !the factor scores for HABS are extracted using this code. These are the scores you want!!
    SAVE IS fscores; !save them out as factor scores

  MODEL: ! THIS IS THE MODEL
  lpacc by rcCAT_Anim @ 1.343 ; !You have now set all these unstandardized loadings that you get from the basemodel_lastvisit_bifactor.out file
  lpacc by rcCAT_Fr @ 5.542 ;
  lpacc by rcCAT_Furn @ 2.213 ;
  lpacc by rcCAT_Names @ 1.583 ;
  lpacc by rcCVLT_DR @ 1.874 ;
  lpacc by rcDSC_AIBL @ 1.590 ;
  lpacc by rcLMDR @ 1.484 ;
  lpacc by rcMMSE @ 1.224 ;
  lpacc @  0.721; !here, you set the variance of the lPACC factor score to that in the basemodel_lastvisit_bifactor.out file
  [lpacc @ -0.312] ; !here, you set the mean of the lPACC factor score to that in the basemodel_lastvisit_bifactor.out file
  [rcMMSE$1 @ -5.110] ; !here you set the thresholds for each recoding catory for each test
  [rcMMSE$2 @ -4.490] ;
  [rcMMSE$3 @ -3.899] ;
  [rcMMSE$4 @ -3.328] ;
  [rcMMSE$5 @ -2.616] ;
  [rcMMSE$6 @ -1.589] ;
  [rcMMSE$7 @ -0.445] ;
  [rcMMSE$8 @ 1.061] ;
  [rcLMDR$1 @ -4.538] ;
  [rcLMDR$2 @ -3.313] ;
  [rcLMDR$3 @ -2.341] ;
  [rcLMDR$4 @ -0.933] ;
  [rcLMDR$5 @ 0.502] ;
  [rcLMDR$6 @ 1.954] ;
  [rcLMDR$7 @ 3.114] ;
  [rcLMDR$8 @ 4.452] ;
  [rcLMDR$9 @ 6.078] ;
  [rcCAT_Anim$1 @ -6.181] ;
  [rcCAT_Anim$2 @ -4.774] ;
  [rcCAT_Anim$3 @ -2.734] ;
  [rcCAT_Anim$4 @ -1.310];
  [rcCAT_Anim$5 @ -0.048] ;
  [rcCAT_Anim$6 @ 1.234] ;
  [rcCAT_Anim$7 @ 2.317] ;
  [rcCAT_Anim$8 @ 3.487] ;
  [rcCAT_Anim$9 @ 5.428] ;
  [rcCAT_Fr$1 @ -17.302] ;
  [rcCAT_Fr$2 @ -14.219] ;
  [rcCAT_Fr$3 @ -8.462] ;
  [rcCAT_Fr$4 @ 0.292];
  [rcCAT_Fr$5 @ 6.768] ;
  [rcCAT_Fr$6 @ 9.043] ;
  [rcCAT_Fr$7 @ 11.833] ;
  [rcCAT_Fr$8 @ 14.773] ;
  ![rcCAT_Fr$9 @ 18.948] ;
  [rcCAT_Furn$1 @ -9.342] ;
  [rcCAT_Furn$2 @ -7.900] ;
  [rcCAT_Furn$3 @ -6.615] ;
  [rcCAT_Furn$4 @ -3.605];
  [rcCAT_Furn$5 @ -1.762] ;
  [rcCAT_Furn$6 @ -0.005] ;
  [rcCAT_Furn$7 @ 1.957] ;
  [rcCAT_Furn$8 @ 3.853] ;
  [rcCAT_Furn$9 @ 5.867] ;
  [rcCAT_Names$1 @ -7.222] ;
  [rcCAT_Names$2 @ -5.115] ;
  [rcCAT_Names$3 @ -2.564] ;
  [rcCAT_Names$4 @ -0.708];
  [rcCAT_Names$5 @ 0.661] ;
  [rcCAT_Names$6 @ 1.778] ;
  [rcCAT_Names$7 @ 3.364] ;
  [rcCAT_Names$8 @ 5.128] ;
  [rcCAT_Names$9 @ 6.180] ;
  [rcCVLT_DR$1 @ -5.571] ;
  [rcCVLT_DR$2 @ -4.856] ;
  [rcCVLT_DR$3 @ -3.820] ;
  [rcCVLT_DR$4 @ -2.546];
  [rcCVLT_DR$5 @ -1.456] ;
  [rcCVLT_DR$6 @ -0.340] ;
  [rcCVLT_DR$7 @ 0.930] ;
  [rcCVLT_DR$8 @ 2.951] ;
  [rcDSC_AIBL$1 @ -5.124] ;
  [rcDSC_AIBL$2 @ -4.111] ;
  [rcDSC_AIBL$3 @ -2.778] ;
  [rcDSC_AIBL$4 @ -1.330];
  [rcDSC_AIBL$5 @ -0.131] ;
  [rcDSC_AIBL$6 @ 1.098] ;
  [rcDSC_AIBL$7 @ 2.607] ;
  [rcDSC_AIBL$8 @ 3.426] ;
  [rcDSC_AIBL$9 @ 4.869] ;


! Here is the model output for the AIBL datafile


*** WARNING in VARIABLE command
  Note that only the first 8 characters of variable names are used in the output.
  Shorten variable names to avoid any confusion.
*** WARNING
  Data set contains cases with missing on all variables.
  These cases were not included in the analysis.
  Number of cases with missing on all variables:  11
   2 WARNING(S) FOUND IN THE INPUT INSTRUCTIONS




Variable List -
ID_uniq ;
rcCAT_Anim ;
rcCAT_Fr ;
rcCAT_Furn  ;
rcCAT_Names  ;
rcCVLT_DR ;
rcDSC_AIBL ;
rcLMDR ;
rcMMSE ;

SUMMARY OF ANALYSIS

Number of groups                                                 1
Number of observations                                        6067

Number of dependent variables                                    8
Number of independent variables                                  0
Number of continuous latent variables                            1

Observed dependent variables

  Binary and ordered categorical (ordinal)
   RCCAT_AN    RCCAT_FR    RCCAT_FU    RCCAT_NA    RCCVLT_D    RCDSC_AI
   RCLMDR      RCMMSE

Continuous latent variables
   LPACC

Variables with special functions

  ID variable           ID_UNIQ

Estimator                                                      MLR
Information matrix                                        OBSERVED
Optimization Specifications for the Quasi-Newton Algorithm for
Continuous Outcomes
  Maximum number of iterations                                 100
  Convergence criterion                                  0.100D-05
Optimization Specifications for the EM Algorithm
  Maximum number of iterations                                 500
  Convergence criteria
    Loglikelihood change                                 0.100D-02
    Relative loglikelihood change                        0.100D-05
    Derivative                                           0.100D-02
Optimization Specifications for the M step of the EM Algorithm for
Categorical Latent variables
  Number of M step iterations                                    1
  M step convergence criterion                           0.100D-02
  Basis for M step termination                           ITERATION
Optimization Specifications for the M step of the EM Algorithm for
Censored, Binary or Ordered Categorical (Ordinal), Unordered
Categorical (Nominal) and Count Outcomes
  Number of M step iterations                                    1
  M step convergence criterion                           0.100D-02
  Basis for M step termination                           ITERATION
  Maximum value for logit thresholds                            15
  Minimum value for logit thresholds                           -15
  Minimum expected cell size for chi-square              0.100D-01
Maximum number of iterations for H1                           2000
Convergence criterion for H1                             0.100D-03
Optimization algorithm                                         EMA
Integration Specifications
  Type                                                    STANDARD
  Number of integration points                                  15
  Dimensions of numerical integration                            1
  Adaptive quadrature                                           ON
Link                                                         LOGIT
Cholesky                                                        ON

Input data file(s)
  ~/Desktop/AIBL_long_recoded_bifactor.dat
Input data format  FREE


SUMMARY OF DATA

     Number of missing data patterns            24
     Number of y missing data patterns           0
     Number of u missing data patterns          24


COVARIANCE COVERAGE OF DATA

Minimum covariance coverage value   0.100


     PROPORTION OF DATA PRESENT FOR U


           Covariance Coverage
              RCCAT_AN      RCCAT_FR      RCCAT_FU      RCCAT_NA      RCCVLT_D
              ________      ________      ________      ________      ________
 RCCAT_AN       0.975
 RCCAT_FR       0.957         0.957
 RCCAT_FU       0.957         0.957         0.957
 RCCAT_NA       0.974         0.957         0.956         0.974
 RCCVLT_D       0.970         0.953         0.952         0.970         0.986
 RCDSC_AI       0.968         0.950         0.950         0.967         0.980
 RCLMDR         0.973         0.955         0.955         0.972         0.984
 RCMMSE         0.974         0.956         0.956         0.974         0.985


           Covariance Coverage
              RCDSC_AI      RCLMDR        RCMMSE
              ________      ________      ________
 RCDSC_AI       0.984
 RCLMDR         0.981         0.993
 RCMMSE         0.983         0.992         0.999


UNIVARIATE PROPORTIONS AND COUNTS FOR CATEGORICAL VARIABLES

    RCCAT_AN
      Category 1    0.003           15.000
      Category 2    0.007           41.000
      Category 3    0.051          301.000
      Category 4    0.149          879.000
      Category 5    0.246         1453.000
      Category 6    0.257         1521.000
      Category 7    0.160          949.000
      Category 8    0.078          460.000
      Category 9    0.043          256.000
      Category 10    0.007           39.000
    RCCAT_FR
      Category 1    0.009           52.000
      Category 2    0.015           86.000
      Category 3    0.129          747.000
      Category 4    0.462         2683.000
      Category 5    0.342         1984.000
      Category 6    0.033          194.000
      Category 7    0.008           48.000
      Category 8    0.001            8.000
      Category 9    0.001            6.000
    RCCAT_FU
      Category 1    0.001            7.000
      Category 2    0.013           78.000
      Category 3    0.112          653.000
      Category 4    0.193         1123.000
      Category 5    0.273         1585.000
      Category 6    0.233         1350.000
      Category 7    0.126          733.000
      Category 8    0.038          222.000
      Category 9    0.008           48.000
      Category 10    0.001            7.000
    RCCAT_NA
      Category 1    0.003           19.000
      Category 2    0.013           76.000
      Category 3    0.116          687.000
      Category 4    0.190         1124.000
      Category 5    0.310         1833.000
      Category 6    0.184         1088.000
      Category 7    0.124          736.000
      Category 8    0.049          289.000
      Category 9    0.006           35.000
      Category 10    0.004           25.000
    RCCVLT_D
      Category 1    0.015           88.000
      Category 2    0.010           57.000
      Category 3    0.036          213.000
      Category 4    0.074          444.000
      Category 5    0.127          762.000
      Category 6    0.177         1060.000
      Category 7    0.221         1321.000
      Category 8    0.247         1476.000
      Category 9    0.094          563.000
    RCDSC_AI
      Category 1    0.011           66.000
      Category 2    0.021          123.000
      Category 3    0.067          398.000
      Category 4    0.185         1102.000
      Category 5    0.225         1344.000
      Category 6    0.224         1339.000
      Category 7    0.171         1023.000
      Category 8    0.046          276.000
      Category 9    0.038          225.000
      Category 10    0.012           74.000
    RCLMDR
      Category 1    0.021          126.000
      Category 2    0.056          337.000
      Category 3    0.087          522.000
      Category 4    0.230         1385.000
      Category 5    0.276         1665.000
      Category 6    0.156          938.000
      Category 7    0.104          628.000
      Category 8    0.048          289.000
      Category 9    0.018          107.000
      Category 10    0.004           27.000
    RCMMSE
      Category 1    0.005           30.000
      Category 2    0.005           28.000
      Category 3    0.007           44.000
      Category 4    0.019          114.000
      Category 5    0.045          275.000
      Category 6    0.100          608.000
      Category 7    0.201         1216.000
      Category 8    0.305         1847.000
      Category 9    0.313         1900.000



THE MODEL ESTIMATION TERMINATED NORMALLY

     THE CHI-SQUARE TEST CANNOT BE COMPUTED BECAUSE THE FREQUENCY TABLE FOR THE
     CATEGORICAL VARIABLES IS TOO LARGE.




MODEL FIT INFORMATION

Number of Free Parameters                        0

Loglikelihood

          H0 Value                      -83333.640

Information Criteria

          Akaike (AIC)                  166667.279
          Bayesian (BIC)                166667.279
          Sample-Size Adjusted BIC      166667.279
            (n* = (n + 2) / 24)



MODEL RESULTS

                                                    Two-Tailed
                    Estimate       S.E.  Est./S.E.    P-Value

 LPACC    BY
    RCCAT_ANIM         1.343      0.000    999.000    999.000
    RCCAT_FR           5.542      0.000    999.000    999.000
    RCCAT_FURN         2.213      0.000    999.000    999.000
    RCCAT_NAME         1.583      0.000    999.000    999.000
    RCCVLT_DR          1.874      0.000    999.000    999.000
    RCDSC_AIBL         1.590      0.000    999.000    999.000
    RCLMDR             1.484      0.000    999.000    999.000
    RCMMSE             1.224      0.000    999.000    999.000

 Means
    LPACC             -0.312      0.000    999.000    999.000

 Thresholds
    RCCAT_AN$1        -6.181      0.000    999.000    999.000
    RCCAT_AN$2        -4.774      0.000    999.000    999.000
    RCCAT_AN$3        -2.734      0.000    999.000    999.000
    RCCAT_AN$4        -1.310      0.000    999.000    999.000
    RCCAT_AN$5        -0.048      0.000    999.000    999.000
    RCCAT_AN$6         1.234      0.000    999.000    999.000
    RCCAT_AN$7         2.317      0.000    999.000    999.000
    RCCAT_AN$8         3.487      0.000    999.000    999.000
    RCCAT_AN$9         5.428      0.000    999.000    999.000
    RCCAT_FR$1       -17.302      0.000    999.000    999.000
    RCCAT_FR$2       -14.219      0.000    999.000    999.000
    RCCAT_FR$3        -8.462      0.000    999.000    999.000
    RCCAT_FR$4         0.292      0.000    999.000    999.000
    RCCAT_FR$5         6.768      0.000    999.000    999.000
    RCCAT_FR$6         9.043      0.000    999.000    999.000
    RCCAT_FR$7        11.833      0.000    999.000    999.000
    RCCAT_FR$8        14.773      0.000    999.000    999.000
    RCCAT_FU$1        -9.342      0.000    999.000    999.000
    RCCAT_FU$2        -7.900      0.000    999.000    999.000
    RCCAT_FU$3        -6.615      0.000    999.000    999.000
    RCCAT_FU$4        -3.605      0.000    999.000    999.000
    RCCAT_FU$5        -1.762      0.000    999.000    999.000
    RCCAT_FU$6        -0.005      0.000    999.000    999.000
    RCCAT_FU$7         1.957      0.000    999.000    999.000
    RCCAT_FU$8         3.853      0.000    999.000    999.000
    RCCAT_FU$9         5.867      0.000    999.000    999.000
    RCCAT_NA$1        -7.222      0.000    999.000    999.000
    RCCAT_NA$2        -5.115      0.000    999.000    999.000
    RCCAT_NA$3        -2.564      0.000    999.000    999.000
    RCCAT_NA$4        -0.708      0.000    999.000    999.000
    RCCAT_NA$5         0.661      0.000    999.000    999.000
    RCCAT_NA$6         1.778      0.000    999.000    999.000
    RCCAT_NA$7         3.364      0.000    999.000    999.000
    RCCAT_NA$8         5.128      0.000    999.000    999.000
    RCCAT_NA$9         6.180      0.000    999.000    999.000
    RCCVLT_D$1        -5.571      0.000    999.000    999.000
    RCCVLT_D$2        -4.856      0.000    999.000    999.000
    RCCVLT_D$3        -3.820      0.000    999.000    999.000
    RCCVLT_D$4        -2.546      0.000    999.000    999.000
    RCCVLT_D$5        -1.456      0.000    999.000    999.000
    RCCVLT_D$6        -0.340      0.000    999.000    999.000
    RCCVLT_D$7         0.930      0.000    999.000    999.000
    RCCVLT_D$8         2.951      0.000    999.000    999.000
    RCDSC_AI$1        -5.124      0.000    999.000    999.000
    RCDSC_AI$2        -4.111      0.000    999.000    999.000
    RCDSC_AI$3        -2.778      0.000    999.000    999.000
    RCDSC_AI$4        -1.330      0.000    999.000    999.000
    RCDSC_AI$5        -0.131      0.000    999.000    999.000
    RCDSC_AI$6         1.098      0.000    999.000    999.000
    RCDSC_AI$7         2.607      0.000    999.000    999.000
    RCDSC_AI$8         3.426      0.000    999.000    999.000
    RCDSC_AI$9         4.869      0.000    999.000    999.000
    RCLMDR$1          -4.538      0.000    999.000    999.000
    RCLMDR$2          -3.313      0.000    999.000    999.000
    RCLMDR$3          -2.341      0.000    999.000    999.000
    RCLMDR$4          -0.933      0.000    999.000    999.000
    RCLMDR$5           0.502      0.000    999.000    999.000
    RCLMDR$6           1.954      0.000    999.000    999.000
    RCLMDR$7           3.114      0.000    999.000    999.000
    RCLMDR$8           4.452      0.000    999.000    999.000
    RCLMDR$9           6.078      0.000    999.000    999.000
    RCMMSE$1          -5.110      0.000    999.000    999.000
    RCMMSE$2          -4.490      0.000    999.000    999.000
    RCMMSE$3          -3.899      0.000    999.000    999.000
    RCMMSE$4          -3.328      0.000    999.000    999.000
    RCMMSE$5          -2.616      0.000    999.000    999.000
    RCMMSE$6          -1.589      0.000    999.000    999.000
    RCMMSE$7          -0.445      0.000    999.000    999.000
    RCMMSE$8           1.061      0.000    999.000    999.000

 Variances
    LPACC              0.721      0.000    999.000    999.000


STANDARDIZED MODEL RESULTS


STDYX Standardization

                                                    Two-Tailed
                    Estimate       S.E.  Est./S.E.    P-Value

 LPACC    BY
    RCCAT_ANIM         0.532      0.000    999.000    999.000
    RCCAT_FR           0.933      0.000    999.000    999.000
    RCCAT_FURN         0.719      0.000    999.000    999.000
    RCCAT_NAME         0.595      0.000    999.000    999.000
    RCCVLT_DR          0.659      0.000    999.000    999.000
    RCDSC_AIBL         0.597      0.000    999.000    999.000
    RCLMDR             0.571      0.000    999.000    999.000
    RCMMSE             0.497      0.000    999.000    999.000

 Means
    LPACC             -0.367      0.000    999.000    999.000

 Thresholds
    RCCAT_AN$1        -2.885      0.000    999.000    999.000
    RCCAT_AN$2        -2.228      0.000    999.000    999.000
    RCCAT_AN$3        -1.276      0.000    999.000    999.000
    RCCAT_AN$4        -0.611      0.000    999.000    999.000
    RCCAT_AN$5        -0.022      0.000    999.000    999.000
    RCCAT_AN$6         0.576      0.000    999.000    999.000
    RCCAT_AN$7         1.081      0.000    999.000    999.000
    RCCAT_AN$8         1.628      0.000    999.000    999.000
    RCCAT_AN$9         2.533      0.000    999.000    999.000
    RCCAT_FR$1        -3.431      0.000    999.000    999.000
    RCCAT_FR$2        -2.819      0.000    999.000    999.000
    RCCAT_FR$3        -1.678      0.000    999.000    999.000
    RCCAT_FR$4         0.058      0.000    999.000    999.000
    RCCAT_FR$5         1.342      0.000    999.000    999.000
    RCCAT_FR$6         1.793      0.000    999.000    999.000
    RCCAT_FR$7         2.346      0.000    999.000    999.000
    RCCAT_FR$8         2.929      0.000    999.000    999.000
    RCCAT_FU$1        -3.577      0.000    999.000    999.000
    RCCAT_FU$2        -3.025      0.000    999.000    999.000
    RCCAT_FU$3        -2.533      0.000    999.000    999.000
    RCCAT_FU$4        -1.380      0.000    999.000    999.000
    RCCAT_FU$5        -0.675      0.000    999.000    999.000
    RCCAT_FU$6        -0.002      0.000    999.000    999.000
    RCCAT_FU$7         0.749      0.000    999.000    999.000
    RCCAT_FU$8         1.475      0.000    999.000    999.000
    RCCAT_FU$9         2.246      0.000    999.000    999.000
    RCCAT_NA$1        -3.199      0.000    999.000    999.000
    RCCAT_NA$2        -2.266      0.000    999.000    999.000
    RCCAT_NA$3        -1.136      0.000    999.000    999.000
    RCCAT_NA$4        -0.314      0.000    999.000    999.000
    RCCAT_NA$5         0.293      0.000    999.000    999.000
    RCCAT_NA$6         0.788      0.000    999.000    999.000
    RCCAT_NA$7         1.490      0.000    999.000    999.000
    RCCAT_NA$8         2.271      0.000    999.000    999.000
    RCCAT_NA$9         2.737      0.000    999.000    999.000
    RCCVLT_D$1        -2.309      0.000    999.000    999.000
    RCCVLT_D$2        -2.013      0.000    999.000    999.000
    RCCVLT_D$3        -1.583      0.000    999.000    999.000
    RCCVLT_D$4        -1.055      0.000    999.000    999.000
    RCCVLT_D$5        -0.603      0.000    999.000    999.000
    RCCVLT_D$6        -0.141      0.000    999.000    999.000
    RCCVLT_D$7         0.385      0.000    999.000    999.000
    RCCVLT_D$8         1.223      0.000    999.000    999.000
    RCDSC_AI$1        -2.266      0.000    999.000    999.000
    RCDSC_AI$2        -1.818      0.000    999.000    999.000
    RCDSC_AI$3        -1.229      0.000    999.000    999.000
    RCDSC_AI$4        -0.588      0.000    999.000    999.000
    RCDSC_AI$5        -0.058      0.000    999.000    999.000
    RCDSC_AI$6         0.486      0.000    999.000    999.000
    RCDSC_AI$7         1.153      0.000    999.000    999.000
    RCDSC_AI$8         1.515      0.000    999.000    999.000
    RCDSC_AI$9         2.153      0.000    999.000    999.000
    RCLMDR$1          -2.055      0.000    999.000    999.000
    RCLMDR$2          -1.500      0.000    999.000    999.000
    RCLMDR$3          -1.060      0.000    999.000    999.000
    RCLMDR$4          -0.422      0.000    999.000    999.000
    RCLMDR$5           0.227      0.000    999.000    999.000
    RCLMDR$6           0.885      0.000    999.000    999.000
    RCLMDR$7           1.410      0.000    999.000    999.000
    RCLMDR$8           2.016      0.000    999.000    999.000
    RCLMDR$9           2.752      0.000    999.000    999.000
    RCMMSE$1          -2.444      0.000    999.000    999.000
    RCMMSE$2          -2.148      0.000    999.000    999.000
    RCMMSE$3          -1.865      0.000    999.000    999.000
    RCMMSE$4          -1.592      0.000    999.000    999.000
    RCMMSE$5          -1.251      0.000    999.000    999.000
    RCMMSE$6          -0.760      0.000    999.000    999.000
    RCMMSE$7          -0.213      0.000    999.000    999.000
    RCMMSE$8           0.508      0.000    999.000    999.000

 Variances
    LPACC              1.000      0.000    999.000    999.000


R-SQUARE

    Observed                                        Two-Tailed
    Variable        Estimate       S.E.  Est./S.E.    P-Value

    RCCAT_AN           0.283      0.000    999.000    999.000
    RCCAT_FR           0.871      0.000    999.000    999.000
    RCCAT_FU           0.518      0.000    999.000    999.000
    RCCAT_NA           0.354      0.000    999.000    999.000
    RCCVLT_D           0.435      0.000    999.000    999.000
    RCDSC_AI           0.357      0.000    999.000    999.000
    RCLMDR             0.326      0.000    999.000    999.000
    RCMMSE             0.247      0.000    999.000    999.000


QUALITY OF NUMERICAL RESULTS

     Condition Number for the Information Matrix              0.100E+01
       (ratio of smallest to largest eigenvalue)


SAMPLE STATISTICS FOR ESTIMATED FACTOR SCORES


     SAMPLE STATISTICS


           Means
              LPACC         LPACC_SE
              ________      ________
               -0.312         0.318


           Covariances
              LPACC         LPACC_SE
              ________      ________
 LPACC          0.618
 LPACC_SE      -0.007         0.003


           Correlations
              LPACC         LPACC_SE
              ________      ________
 LPACC          1.000
 LPACC_SE      -0.177         1.000


SAVEDATA INFORMATION


  Save file
    ~/Desktop/AIBL_long_fscoreoutput_bifactor.txt

  Order and format of variables

    RCCAT_AN       F10.3
    RCCAT_FR       F10.3
    RCCAT_FU       F10.3
    RCCAT_NA       F10.3
    RCCVLT_D       F10.3
    RCDSC_AI       F10.3
    RCLMDR         F10.3
    RCMMSE         F10.3
    LPACC          F10.3
    LPACC_SE       F10.3
    ID_UNIQ        I8

  Save file format
    10F10.3 I8

  Save file record length    10000


     Beginning Time:  19:36:57
        Ending Time:  19:36:58
       Elapsed Time:  00:00:01



MUTHEN & MUTHEN
3463 Stoner Ave.
Los Angeles, CA  90066

Tel: (310) 391-9971
Fax: (310) 391-8971
Web: www.StatModel.com
Support: Support@StatModel.com

Copyright (c) 1998-2019 Muthen & Muthen
